<?xml version="1.0" encoding="UTF-8"?>
<testng-results ignored="0" total="1" passed="1" failed="0" skipped="0">
  <reporter-output>
  </reporter-output>
  <suite started-at="2021-07-14T09:46:24 BDT" name="Default suite" finished-at="2021-07-14T09:46:33 BDT" duration-ms="9758">
    <groups>
    </groups>
    <test started-at="2021-07-14T09:46:24 BDT" name="Default test" finished-at="2021-07-14T09:46:33 BDT" duration-ms="9758">
      <class name="frameworkImplemention.LoginPageTestNG">
        <test-method is-config="true" signature="setupFunction()[pri:0, instance:frameworkImplemention.LoginPageTestNG@dbf57b3]" started-at="2021-07-14T09:46:24 BDT" name="setupFunction" finished-at="2021-07-14T09:46:26 BDT" duration-ms="2657" status="PASS">
          <reporter-output>
          </reporter-output>
        </test-method> <!-- setupFunction -->
        <test-method signature="testStepsFunction()[pri:0, instance:frameworkImplemention.LoginPageTestNG@dbf57b3]" started-at="2021-07-14T09:46:26 BDT" name="testStepsFunction" finished-at="2021-07-14T09:46:33 BDT" duration-ms="7031" status="PASS">
          <reporter-output>
          </reporter-output>
        </test-method> <!-- testStepsFunction -->
        <test-method is-config="true" signature="tearDownFunction()[pri:0, instance:frameworkImplemention.LoginPageTestNG@dbf57b3]" started-at="2021-07-14T09:46:33 BDT" name="tearDownFunction" finished-at="2021-07-14T09:46:33 BDT" duration-ms="1" status="PASS">
          <reporter-output>
          </reporter-output>
        </test-method> <!-- tearDownFunction -->
      </class> <!-- frameworkImplemention.LoginPageTestNG -->
    </test> <!-- Default test -->
  </suite> <!-- Default suite -->
</testng-results>
