<?xml version="1.0" encoding="UTF-8"?>
<testng-results ignored="0" total="2" passed="2" failed="0" skipped="0">
  <reporter-output>
  </reporter-output>
  <suite started-at="2021-07-14T21:05:58 BDT" name="Default suite" finished-at="2021-07-14T21:06:51 BDT" duration-ms="53675">
    <groups>
    </groups>
    <test started-at="2021-07-14T21:05:58 BDT" name="Default test" finished-at="2021-07-14T21:06:51 BDT" duration-ms="53675">
      <class name="frameworkImplemention.OrderAnItemTestNG">
        <test-method is-config="true" signature="setupFunction()[pri:0, instance:frameworkImplemention.OrderAnItemTestNG@384ad17b]" started-at="2021-07-14T21:05:58 BDT" name="setupFunction" finished-at="2021-07-14T21:06:01 BDT" duration-ms="3658" status="PASS">
          <reporter-output>
          </reporter-output>
        </test-method> <!-- setupFunction -->
        <test-method signature="testStepsFunction1()[pri:1, instance:frameworkImplemention.OrderAnItemTestNG@384ad17b]" started-at="2021-07-14T21:06:01 BDT" name="testStepsFunction1" finished-at="2021-07-14T21:06:07 BDT" duration-ms="6083" status="PASS">
          <reporter-output>
          </reporter-output>
        </test-method> <!-- testStepsFunction1 -->
        <test-method signature="testStepsFunction2()[pri:2, instance:frameworkImplemention.OrderAnItemTestNG@384ad17b]" started-at="2021-07-14T21:06:07 BDT" name="testStepsFunction2" finished-at="2021-07-14T21:06:51 BDT" duration-ms="43851" status="PASS">
          <reporter-output>
          </reporter-output>
        </test-method> <!-- testStepsFunction2 -->
        <test-method is-config="true" signature="tearDownFunction()[pri:0, instance:frameworkImplemention.OrderAnItemTestNG@384ad17b]" started-at="2021-07-14T21:06:51 BDT" name="tearDownFunction" finished-at="2021-07-14T21:06:51 BDT" duration-ms="0" status="PASS">
          <reporter-output>
          </reporter-output>
        </test-method> <!-- tearDownFunction -->
      </class> <!-- frameworkImplemention.OrderAnItemTestNG -->
    </test> <!-- Default test -->
  </suite> <!-- Default suite -->
</testng-results>
