<?xml version="1.0" encoding="UTF-8"?>
<!-- Generated by org.testng.reporters.JUnitXMLReporter -->
<testsuite ignored="0" hostname="Richis-Laptop" failures="0" tests="2" name="Default test" time="53.675" errors="0" timestamp="2021-07-14T21:06:51 BDT">
  <testcase classname="frameworkImplemention.OrderAnItemTestNG" name="testStepsFunction1" time="6.083"/>
  <testcase classname="frameworkImplemention.OrderAnItemTestNG" name="testStepsFunction2" time="43.851"/>
</testsuite> <!-- Default test -->
